<?xml version="1.0" encoding="UTF-8"?>
<!-- Generated by org.testng.reporters.JUnitXMLReporter -->
<testsuite ignored="0" hostname="HaSH" failures="0" tests="3" name="Test" time="16.72" errors="0" timestamp="05 Sep 2022 06:40:39 GMT">
  <testcase classname="com.us.TestNG.DataProviderTest" name="quickTest" time="5.302"/>
  <testcase classname="com.us.TestNG.DataProviderTest" name="quickTest" time="5.443"/>
  <testcase classname="com.us.TestNG.DataProviderTest" name="quickTest" time="5.952"/>
</testsuite> <!-- Test -->
