<?xml version="1.0" encoding="UTF-8"?>
<!-- Generated by org.testng.reporters.JUnitXMLReporter -->
<testsuite ignored="6" hostname="HaSH" failures="0" tests="3" name="Test(failed)" time="0.02" errors="0" timestamp="04 Sep 2022 03:37:06 GMT">
  <testcase classname="com.us.TestNG.TestNGclaSS1" name="getTestA" time="0.006"/>
  <testcase classname="com.us.TestNG.TestNGclaSS2" name="getTestE" time="0.0"/>
  <testcase classname="com.us.TestNG.TestNGclaSS3" name="getTestI" time="0.001"/>
  <testcase classname="com.us.TestNG.TestNGclaSS3" name="getTestH" time="0.0">
    <ignored/>
  </testcase> <!-- getTestH -->
  <testcase classname="com.us.TestNG.TestNGclaSS3" name="getTestJ" time="0.0">
    <ignored/>
  </testcase> <!-- getTestJ -->
  <testcase classname="com.us.TestNG.TestNGclaSS1" name="getTestC" time="0.0">
    <ignored/>
  </testcase> <!-- getTestC -->
  <testcase classname="com.us.TestNG.TestNGclaSS1" name="getTestB" time="0.0">
    <ignored/>
  </testcase> <!-- getTestB -->
  <testcase classname="com.us.TestNG.TestNGclaSS2" name="getTestF" time="0.0">
    <ignored/>
  </testcase> <!-- getTestF -->
  <testcase classname="com.us.TestNG.TestNGclaSS2" name="getTestD" time="0.0">
    <ignored/>
  </testcase> <!-- getTestD -->
</testsuite> <!-- Test(failed) -->
