<?xml version="1.0" encoding="UTF-8"?>
<testng-results ignored="0" total="1" passed="1" failed="0" skipped="0">
  <reporter-output>
  </reporter-output>
  <suite started-at="2022-09-24T23:23:14Z" name="Default suite" finished-at="2022-09-24T23:23:31Z" duration-ms="16840">
    <groups>
      <group name="cucumber">
        <method signature="AbstractTestNGCucumberTests.runScenario(io.cucumber.testng.PickleWrapper, io.cucumber.testng.FeatureWrapper)[pri:0, instance:shoprite.us.myrunner.MyRunner@63dd899]" name="runScenario" class="io.cucumber.testng.AbstractTestNGCucumberTests"/>
      </group> <!-- cucumber -->
    </groups>
    <test started-at="2022-09-24T23:23:14Z" name="Default test" finished-at="2022-09-24T23:23:31Z" duration-ms="16840">
      <class name="shoprite.us.myrunner.MyRunner">
        <test-method is-config="true" signature="setUpClass(org.testng.ITestContext)[pri:0, instance:shoprite.us.myrunner.MyRunner@63dd899]" started-at="2022-09-24T23:23:14Z" name="setUpClass" finished-at="2022-09-24T23:23:14Z" duration-ms="474" status="PASS">
          <params>
            <param index="0">
              <value>
                <![CDATA[org.testng.TestRunner@58437801]]>
              </value>
            </param>
          </params>
          <reporter-output>
          </reporter-output>
        </test-method> <!-- setUpClass -->
        <test-method signature="runScenario(io.cucumber.testng.PickleWrapper, io.cucumber.testng.FeatureWrapper)[pri:0, instance:shoprite.us.myrunner.MyRunner@63dd899]" started-at="2022-09-24T23:23:14Z" name="runScenario" description="Runs Cucumber Scenarios" data-provider="scenarios" finished-at="2022-09-24T23:23:30Z" duration-ms="15748" status="PASS">
          <params>
            <param index="0">
              <value>
                <![CDATA["User able to login in to shoprite application with valid username and verify on the grid."]]>
              </value>
            </param>
            <param index="1">
              <value>
                <![CDATA["User able to Login and Logout from ShopRite Application #MyPlan"]]>
              </value>
            </param>
          </params>
          <reporter-output>
          </reporter-output>
        </test-method> <!-- runScenario -->
        <test-method is-config="true" signature="tearDownClass()[pri:0, instance:shoprite.us.myrunner.MyRunner@63dd899]" started-at="2022-09-24T23:23:30Z" name="tearDownClass" finished-at="2022-09-24T23:23:31Z" duration-ms="583" status="PASS">
          <reporter-output>
          </reporter-output>
        </test-method> <!-- tearDownClass -->
      </class> <!-- shoprite.us.myrunner.MyRunner -->
    </test> <!-- Default test -->
  </suite> <!-- Default suite -->
</testng-results>
