<?xml version="1.0" encoding="UTF-8"?>
<testng-results ignored="0" total="1" passed="1" failed="0" skipped="0">
  <reporter-output>
  </reporter-output>
  <suite started-at="2022-09-03T01:22:09Z" name="Default suite" finished-at="2022-09-03T01:22:09Z" duration-ms="14">
    <groups>
    </groups>
    <test started-at="2022-09-03T01:22:09Z" name="Default test" finished-at="2022-09-03T01:22:09Z" duration-ms="14">
      <class name="com.us.TestNG.BasicAnnotations">
        <test-method is-config="true" signature="beforeSuite()[pri:0, instance:com.us.TestNG.BasicAnnotations@5fe1ce85]" started-at="2022-09-03T01:22:09Z" name="beforeSuite" finished-at="2022-09-03T01:22:09Z" duration-ms="6" status="PASS">
          <reporter-output>
          </reporter-output>
        </test-method> <!-- beforeSuite -->
        <test-method is-config="true" signature="beforeTest()[pri:0, instance:com.us.TestNG.BasicAnnotations@5fe1ce85]" started-at="2022-09-03T01:22:09Z" name="beforeTest" finished-at="2022-09-03T01:22:09Z" duration-ms="0" status="PASS">
          <reporter-output>
          </reporter-output>
        </test-method> <!-- beforeTest -->
        <test-method signature="testCase1()[pri:0, instance:com.us.TestNG.BasicAnnotations@5fe1ce85]" started-at="2022-09-03T01:22:09Z" name="testCase1" finished-at="2022-09-03T01:22:09Z" duration-ms="3" status="PASS">
          <reporter-output>
          </reporter-output>
        </test-method> <!-- testCase1 -->
        <test-method is-config="true" signature="beforeMethod()[pri:0, instance:com.us.TestNG.BasicAnnotations@5fe1ce85]" started-at="2022-09-03T01:22:09Z" name="beforeMethod" finished-at="2022-09-03T01:22:09Z" duration-ms="0" status="PASS">
          <reporter-output>
          </reporter-output>
        </test-method> <!-- beforeMethod -->
        <test-method is-config="true" signature="afterMethod()[pri:0, instance:com.us.TestNG.BasicAnnotations@5fe1ce85]" started-at="2022-09-03T01:22:09Z" name="afterMethod" finished-at="2022-09-03T01:22:09Z" duration-ms="0" status="PASS">
          <reporter-output>
          </reporter-output>
        </test-method> <!-- afterMethod -->
        <test-method is-config="true" signature="afterTest()[pri:0, instance:com.us.TestNG.BasicAnnotations@5fe1ce85]" started-at="2022-09-03T01:22:09Z" name="afterTest" finished-at="2022-09-03T01:22:09Z" duration-ms="0" status="PASS">
          <reporter-output>
          </reporter-output>
        </test-method> <!-- afterTest -->
        <test-method is-config="true" signature="afterSuite()[pri:0, instance:com.us.TestNG.BasicAnnotations@5fe1ce85]" started-at="2022-09-03T01:22:09Z" name="afterSuite" finished-at="2022-09-03T01:22:09Z" duration-ms="0" status="PASS">
          <reporter-output>
          </reporter-output>
        </test-method> <!-- afterSuite -->
      </class> <!-- com.us.TestNG.BasicAnnotations -->
    </test> <!-- Default test -->
  </suite> <!-- Default suite -->
</testng-results>
